Started GET "/" for ::1 at 2023-02-27 09:05:04 -0300
Processing by PagesController#home as HTML
  Rendering layout layouts/application.html.erb
  Rendering pages/home.html.erb within layouts/application
  Rendered pages/home.html.erb within layouts/application (Duration: 0.8ms | Allocations: 392)
  Rendered layout layouts/application.html.erb (Duration: 130.9ms | Allocations: 69174)
Completed 200 OK in 140ms (Views: 134.2ms | ActiveRecord: 0.0ms | Allocations: 73330)


Started GET "/" for ::1 at 2023-02-27 09:18:00 -0300
Processing by PagesController#home as HTML
  Rendering layout layouts/application.html.erb
  Rendering pages/home.html.erb within layouts/application
  Rendered pages/home.html.erb within layouts/application (Duration: 0.3ms | Allocations: 288)
  Rendered layout layouts/application.html.erb (Duration: 20.9ms | Allocations: 24319)
Completed 200 OK in 25ms (Views: 22.0ms | ActiveRecord: 0.0ms | Allocations: 27244)


Started GET "/" for ::1 at 2023-02-27 09:18:17 -0300
Processing by PagesController#home as HTML
  Rendering layout layouts/application.html.erb
  Rendering pages/home.html.erb within layouts/application
  Rendered pages/home.html.erb within layouts/application (Duration: 0.1ms | Allocations: 9)
  Rendered layout layouts/application.html.erb (Duration: 26.4ms | Allocations: 3779)
Completed 200 OK in 28ms (Views: 27.4ms | ActiveRecord: 0.0ms | Allocations: 4081)


Started GET "/" for ::1 at 2023-02-27 09:18:32 -0300
Processing by PagesController#home as HTML
  Rendering layout layouts/application.html.erb
  Rendering pages/home.html.erb within layouts/application
  Rendered pages/home.html.erb within layouts/application (Duration: 0.1ms | Allocations: 7)
  Rendered layout layouts/application.html.erb (Duration: 17.7ms | Allocations: 3372)
Completed 200 OK in 19ms (Views: 18.3ms | ActiveRecord: 0.0ms | Allocations: 3612)


Started GET "/" for ::1 at 2023-02-27 09:18:45 -0300
Processing by PagesController#home as HTML
  Rendering layout layouts/application.html.erb
  Rendering pages/home.html.erb within layouts/application
  Rendered pages/home.html.erb within layouts/application (Duration: 0.0ms | Allocations: 7)
  Rendered layout layouts/application.html.erb (Duration: 18.3ms | Allocations: 3368)
Completed 200 OK in 19ms (Views: 18.8ms | ActiveRecord: 0.0ms | Allocations: 3608)


Started GET "/" for ::1 at 2023-02-27 09:25:32 -0300
Processing by PagesController#home as HTML
  Rendering layout layouts/application.html.erb
  Rendering pages/home.html.erb within layouts/application
  Rendered pages/home.html.erb within layouts/application (Duration: 0.1ms | Allocations: 7)
  Rendered layout layouts/application.html.erb (Duration: 6.3ms | Allocations: 1805)
Completed 200 OK in 9ms (Views: 7.7ms | Allocations: 2042)


Started GET "/" for ::1 at 2023-02-27 09:25:34 -0300
Processing by PagesController#home as HTML
  Rendering layout layouts/application.html.erb
  Rendering pages/home.html.erb within layouts/application
  Rendered pages/home.html.erb within layouts/application (Duration: 0.0ms | Allocations: 7)
  Rendered layout layouts/application.html.erb (Duration: 21.5ms | Allocations: 1808)
Completed 200 OK in 23ms (Views: 22.3ms | Allocations: 2041)


Started GET "/" for ::1 at 2023-02-27 09:25:38 -0300
Processing by PagesController#home as HTML
  Rendering layout layouts/application.html.erb
  Rendering pages/home.html.erb within layouts/application
  Rendered pages/home.html.erb within layouts/application (Duration: 0.1ms | Allocations: 7)
  Rendered layout layouts/application.html.erb (Duration: 24.2ms | Allocations: 1836)
Completed 200 OK in 25ms (Views: 24.8ms | Allocations: 2070)


Started GET "/" for ::1 at 2023-02-27 09:25:53 -0300
Processing by PagesController#home as HTML
  Rendering layout layouts/application.html.erb
  Rendering pages/home.html.erb within layouts/application
  Rendered pages/home.html.erb within layouts/application (Duration: 0.0ms | Allocations: 7)
  Rendered layout layouts/application.html.erb (Duration: 32.3ms | Allocations: 6785)
Completed 500 Internal Server Error in 33ms (Allocations: 7041)


  
ActionView::Template::Error (Error: File to import not found or unreadable: home.
        on line 1:1 of app/assets/stylesheets/application.scss
>> @import "home";

   ^
):
     6:     <%= csrf_meta_tags %>
     7:     <%= csp_meta_tag %>
     8: 
     9:     <%= stylesheet_link_tag "application", "data-turbo-track": "reload" %>
    10:     <%= javascript_include_tag "application", "data-turbo-track": "reload", defer: true %>
    11:   </head>
    12: 
  
app/assets/stylesheets/application.scss:1
app/views/layouts/application.html.erb:9
Started GET "/" for ::1 at 2023-02-27 09:26:10 -0300
Processing by PagesController#home as HTML
  Rendering layout layouts/application.html.erb
  Rendering pages/home.html.erb within layouts/application
  Rendered pages/home.html.erb within layouts/application (Duration: 0.0ms | Allocations: 7)
  Rendered layout layouts/application.html.erb (Duration: 13.7ms | Allocations: 3961)
Completed 200 OK in 14ms (Views: 14.1ms | Allocations: 4229)


Started GET "/" for ::1 at 2023-02-27 09:28:05 -0300
Processing by PagesController#home as HTML
  Rendering layout layouts/application.html.erb
  Rendering pages/home.html.erb within layouts/application
  Rendered pages/home.html.erb within layouts/application (Duration: 0.1ms | Allocations: 7)
  Rendered layout layouts/application.html.erb (Duration: 12.6ms | Allocations: 3682)
Completed 200 OK in 15ms (Views: 13.7ms | Allocations: 3915)


Started GET "/" for ::1 at 2023-02-27 09:28:49 -0300
Processing by PagesController#home as HTML
  Rendering layout layouts/application.html.erb
  Rendering pages/home.html.erb within layouts/application
  Rendered pages/home.html.erb within layouts/application (Duration: 0.3ms | Allocations: 7)
  Rendered layout layouts/application.html.erb (Duration: 7.0ms | Allocations: 1895)
Completed 200 OK in 8ms (Views: 7.7ms | Allocations: 2128)


Started GET "/" for ::1 at 2023-02-27 09:37:50 -0300
Processing by PagesController#home as HTML
  Rendering layout layouts/application.html.erb
  Rendering pages/home.html.erb within layouts/application
  Rendered pages/home.html.erb within layouts/application (Duration: 0.5ms | Allocations: 288)
  Rendered layout layouts/application.html.erb (Duration: 2243.1ms | Allocations: 103712)
Completed 500 Internal Server Error in 2248ms (ActiveRecord: 0.0ms | Allocations: 106590)


  
ActionView::Template::Error (The asset "application.js" is not present in the asset pipeline.
):
     7:     <%= csp_meta_tag %>
     8: 
     9:     <%= stylesheet_link_tag "application", "data-turbo-track": "reload" %>
    10:     <%= javascript_include_tag "application", "data-turbo-track": "reload", defer: true %>
    11:   </head>
    12: 
    13:   <body>
  
app/views/layouts/application.html.erb:10
Started GET "/" for ::1 at 2023-02-27 09:38:46 -0300
Processing by PagesController#home as HTML
  Rendering layout layouts/application.html.erb
  Rendering pages/home.html.erb within layouts/application
  Rendered pages/home.html.erb within layouts/application (Duration: 0.0ms | Allocations: 7)
  Rendered layout layouts/application.html.erb (Duration: 101.2ms | Allocations: 31777)
Completed 200 OK in 102ms (Views: 101.8ms | ActiveRecord: 0.0ms | Allocations: 32100)


Started GET "/" for ::1 at 2023-02-27 09:39:06 -0300
Processing by PagesController#home as HTML
  Rendering layout layouts/application.html.erb
  Rendering pages/home.html.erb within layouts/application
  Rendered pages/home.html.erb within layouts/application (Duration: 1.1ms | Allocations: 124)
  Rendered layout layouts/application.html.erb (Duration: 11.2ms | Allocations: 6288)
Completed 200 OK in 18ms (Views: 16.0ms | ActiveRecord: 0.0ms | Allocations: 7061)


Started GET "/..." for ::1 at 2023-02-27 09:39:06 -0300
  
ActionController::RoutingError (No route matches [GET] "/..."):
  
Started GET "/" for ::1 at 2023-02-27 09:40:24 -0300
Processing by PagesController#home as HTML
  Rendering layout layouts/application.html.erb
  Rendering pages/home.html.erb within layouts/application
  Rendered pages/home.html.erb within layouts/application (Duration: 0.4ms | Allocations: 301)
  Rendered layout layouts/application.html.erb (Duration: 2913.9ms | Allocations: 149600)
Completed 200 OK in 2926ms (Views: 2924.2ms | ActiveRecord: 0.0ms | Allocations: 152522)


Started GET "/..." for ::1 at 2023-02-27 09:40:27 -0300
  
ActionController::RoutingError (No route matches [GET] "/..."):
  
Started GET "/" for ::1 at 2023-02-27 09:41:59 -0300
Processing by PagesController#home as HTML
  Rendering layout layouts/application.html.erb
  Rendering pages/home.html.erb within layouts/application
  Rendered pages/home.html.erb within layouts/application (Duration: 0.3ms | Allocations: 320)
  Rendered layout layouts/application.html.erb (Duration: 66.4ms | Allocations: 42763)
Completed 200 OK in 70ms (Views: 67.6ms | ActiveRecord: 0.0ms | Allocations: 45688)


Started GET "/..." for ::1 at 2023-02-27 09:41:59 -0300
  
ActionController::RoutingError (No route matches [GET] "/..."):
  
Started GET "/" for ::1 at 2023-02-27 09:51:30 -0300
Processing by PagesController#home as HTML
  Rendering layout layouts/application.html.erb
  Rendering pages/home.html.erb within layouts/application
  Rendered pages/home.html.erb within layouts/application (Duration: 0.3ms | Allocations: 289)
  Rendered layout layouts/application.html.erb (Duration: 3497.4ms | Allocations: 113348)
Completed 200 OK in 3501ms (Views: 3498.9ms | ActiveRecord: 0.0ms | Allocations: 116272)


Started GET "/" for ::1 at 2023-02-27 09:51:42 -0300
Processing by PagesController#home as HTML
  Rendering layout layouts/application.html.erb
  Rendering pages/home.html.erb within layouts/application
  Rendered pages/home.html.erb within layouts/application (Duration: 0.6ms | Allocations: 119)
  Rendered layout layouts/application.html.erb (Duration: 15.9ms | Allocations: 8943)
Completed 200 OK in 20ms (Views: 18.8ms | ActiveRecord: 0.0ms | Allocations: 9773)


Started GET "/" for ::1 at 2023-02-27 09:51:52 -0300
Processing by PagesController#home as HTML
  Rendering layout layouts/application.html.erb
  Rendering pages/home.html.erb within layouts/application
  Rendered pages/home.html.erb within layouts/application (Duration: 0.1ms | Allocations: 7)
  Rendered layout layouts/application.html.erb (Duration: 23.5ms | Allocations: 8399)
Completed 200 OK in 25ms (Views: 24.3ms | ActiveRecord: 0.0ms | Allocations: 8660)


Started GET "/" for ::1 at 2023-02-27 09:52:37 -0300
Processing by PagesController#home as HTML
  Rendering layout layouts/application.html.erb
  Rendering pages/home.html.erb within layouts/application
  Rendered pages/home.html.erb within layouts/application (Duration: 0.1ms | Allocations: 7)
  Rendered layout layouts/application.html.erb (Duration: 3158.6ms | Allocations: 65679)
Completed 200 OK in 3160ms (Views: 3159.4ms | ActiveRecord: 0.0ms | Allocations: 65915)


Started GET "/" for ::1 at 2023-02-27 09:54:24 -0300
Processing by PagesController#home as HTML
  Rendering layout layouts/application.html.erb
  Rendering pages/home.html.erb within layouts/application
  Rendered pages/home.html.erb within layouts/application (Duration: 49.1ms | Allocations: 46641)
  Rendered layout layouts/application.html.erb (Duration: 55.0ms | Allocations: 55491)
Completed 200 OK in 58ms (Views: 56.2ms | ActiveRecord: 0.0ms | Allocations: 58415)


Started GET "/" for ::1 at 2023-02-27 09:54:24 -0300
Processing by PagesController#home as HTML
  Rendering layout layouts/application.html.erb
  Rendering pages/home.html.erb within layouts/application
  Rendered pages/home.html.erb within layouts/application (Duration: 1.5ms | Allocations: 761)
  Rendered layout layouts/application.html.erb (Duration: 5.8ms | Allocations: 9139)
Completed 200 OK in 6ms (Views: 6.1ms | ActiveRecord: 0.0ms | Allocations: 9434)


Started GET "/" for ::1 at 2023-02-27 09:55:23 -0300
Processing by PagesController#home as HTML
  Rendering layout layouts/application.html.erb
  Rendering pages/home.html.erb within layouts/application
  Rendered pages/home.html.erb within layouts/application (Duration: 3.8ms | Allocations: 921)
  Rendered layout layouts/application.html.erb (Duration: 17.5ms | Allocations: 9508)
Completed 200 OK in 22ms (Views: 20.2ms | ActiveRecord: 0.0ms | Allocations: 10310)


Started GET "/" for ::1 at 2023-02-27 09:56:37 -0300
Processing by PagesController#home as HTML
  Rendering layout layouts/application.html.erb
  Rendering pages/home.html.erb within layouts/application
  Rendered pages/home.html.erb within layouts/application (Duration: 0.8ms | Allocations: 115)
  Rendered layout layouts/application.html.erb (Duration: 3351.4ms | Allocations: 70988)
Completed 200 OK in 3356ms (Views: 3354.5ms | ActiveRecord: 0.0ms | Allocations: 71787)


Started GET "/" for ::1 at 2023-02-27 09:56:50 -0300
Processing by PagesController#home as HTML
  Rendering layout layouts/application.html.erb
  Rendering pages/home.html.erb within layouts/application
  Rendered pages/home.html.erb within layouts/application (Duration: 0.1ms | Allocations: 7)
  Rendered layout layouts/application.html.erb (Duration: 3146.1ms | Allocations: 72175)
Completed 200 OK in 3147ms (Views: 3146.6ms | ActiveRecord: 0.0ms | Allocations: 72429)


Started GET "/" for ::1 at 2023-02-27 10:03:12 -0300
Processing by PagesController#home as HTML
  Rendering layout layouts/application.html.erb
  Rendering pages/home.html.erb within layouts/application
  Rendered pages/home.html.erb within layouts/application (Duration: 0.1ms | Allocations: 7)
  Rendered layout layouts/application.html.erb (Duration: 82.7ms | Allocations: 11457)
Completed 200 OK in 84ms (Views: 83.4ms | Allocations: 11696)


Started GET "/" for ::1 at 2023-02-27 10:06:11 -0300
Processing by PagesController#home as HTML
  Rendering layout layouts/application.html.erb
  Rendering pages/home.html.erb within layouts/application
  Rendered pages/home.html.erb within layouts/application (Duration: 1.0ms | Allocations: 119)
  Rendered layout layouts/application.html.erb (Duration: 17.5ms | Allocations: 9274)
Completed 200 OK in 24ms (Views: 21.4ms | Allocations: 10039)


Started GET "/" for ::1 at 2023-02-27 10:06:13 -0300
Processing by PagesController#home as HTML
  Rendering layout layouts/application.html.erb
  Rendering pages/home.html.erb within layouts/application
  Rendered pages/home.html.erb within layouts/application (Duration: 0.1ms | Allocations: 7)
  Rendered layout layouts/application.html.erb (Duration: 16.6ms | Allocations: 8741)
Completed 200 OK in 18ms (Views: 17.2ms | Allocations: 8991)


Started GET "/" for ::1 at 2023-02-27 10:06:53 -0300
Processing by PagesController#home as HTML
  Rendering layout layouts/application.html.erb
  Rendering pages/home.html.erb within layouts/application
  Rendered pages/home.html.erb within layouts/application (Duration: 0.7ms | Allocations: 114)
  Rendered shared/_navbar.html.erb (Duration: 0.5ms | Allocations: 119)
  Rendered layout layouts/application.html.erb (Duration: 18.2ms | Allocations: 9563)
Completed 200 OK in 21ms (Views: 20.1ms | Allocations: 10327)


Started GET "/" for ::1 at 2023-02-27 10:07:45 -0300
Processing by PagesController#home as HTML
  Rendering layout layouts/application.html.erb
  Rendering pages/home.html.erb within layouts/application
  Rendered pages/home.html.erb within layouts/application (Duration: 0.4ms | Allocations: 114)
  Rendered shared/_navbar.html.erb (Duration: 0.4ms | Allocations: 115)
  Rendered layout layouts/application.html.erb (Duration: 11.8ms | Allocations: 9526)
Completed 200 OK in 15ms (Views: 13.7ms | Allocations: 10314)


Started GET "/" for ::1 at 2023-02-27 10:08:15 -0300
Processing by PagesController#home as HTML
  Rendering layout layouts/application.html.erb
  Rendering pages/home.html.erb within layouts/application
  Rendered pages/home.html.erb within layouts/application (Duration: 0.1ms | Allocations: 7)
  Rendered shared/_navbar.html.erb (Duration: 0.0ms | Allocations: 9)
  Rendered layout layouts/application.html.erb (Duration: 3181.8ms | Allocations: 75044)
Completed 200 OK in 3183ms (Views: 3182.5ms | Allocations: 75294)


Started GET "/" for ::1 at 2023-02-27 10:08:50 -0300
Processing by PagesController#home as HTML
  Rendering layout layouts/application.html.erb
  Rendering pages/home.html.erb within layouts/application
  Rendered pages/home.html.erb within layouts/application (Duration: 0.0ms | Allocations: 7)
  Rendered shared/_navbar.html.erb (Duration: 0.0ms | Allocations: 9)
  Rendered layout layouts/application.html.erb (Duration: 3127.3ms | Allocations: 75157)
Completed 200 OK in 3128ms (Views: 3127.7ms | Allocations: 75390)


Started GET "/" for ::1 at 2023-02-27 10:09:32 -0300
Processing by PagesController#home as HTML
  Rendering layout layouts/application.html.erb
  Rendering pages/home.html.erb within layouts/application
  Rendered pages/home.html.erb within layouts/application (Duration: 1.0ms | Allocations: 118)
  Rendered shared/_navbar.html.erb (Duration: 0.6ms | Allocations: 116)
  Rendered layout layouts/application.html.erb (Duration: 18.6ms | Allocations: 9633)
Completed 200 OK in 23ms (Views: 21.7ms | Allocations: 10398)


Started GET "/" for ::1 at 2023-02-27 10:10:39 -0300
Processing by PagesController#home as HTML
  Rendering layout layouts/application.html.erb
  Rendering pages/home.html.erb within layouts/application
  Rendered pages/home.html.erb within layouts/application (Duration: 0.8ms | Allocations: 157)
  Rendered shared/_navbar.html.erb (Duration: 0.4ms | Allocations: 115)
  Rendered layout layouts/application.html.erb (Duration: 11.1ms | Allocations: 9667)
Completed 200 OK in 14ms (Views: 13.2ms | Allocations: 10448)


Started GET "/" for ::1 at 2023-02-27 10:11:29 -0300
Processing by PagesController#home as HTML
  Rendering layout layouts/application.html.erb
  Rendering pages/home.html.erb within layouts/application
  Rendered pages/home.html.erb within layouts/application (Duration: 0.1ms | Allocations: 7)
  Rendered shared/_navbar.html.erb (Duration: 0.0ms | Allocations: 9)
  Rendered layout layouts/application.html.erb (Duration: 3290.2ms | Allocations: 75367)
Completed 200 OK in 3291ms (Views: 3290.7ms | Allocations: 75618)


Started GET "/" for ::1 at 2023-02-27 10:15:01 -0300
Processing by PagesController#home as HTML
  Rendering layout layouts/application.html.erb
  Rendering pages/home.html.erb within layouts/application
  Rendered pages/home.html.erb within layouts/application (Duration: 0.5ms | Allocations: 332)
  Rendered shared/_navbar.html.erb (Duration: 0.3ms | Allocations: 123)
  Rendered layout layouts/application.html.erb (Duration: 121.1ms | Allocations: 59482)
Completed 200 OK in 124ms (Views: 122.2ms | ActiveRecord: 0.0ms | Allocations: 62401)


Started GET "/" for ::1 at 2023-02-27 10:15:12 -0300
Processing by PagesController#home as HTML
  Rendering layout layouts/application.html.erb
  Rendering pages/home.html.erb within layouts/application
  Rendered pages/home.html.erb within layouts/application (Duration: 0.0ms | Allocations: 9)
  Rendered shared/_navbar.html.erb (Duration: 0.0ms | Allocations: 10)
  Rendered layout layouts/application.html.erb (Duration: 14.5ms | Allocations: 9181)
Completed 200 OK in 15ms (Views: 14.9ms | ActiveRecord: 0.0ms | Allocations: 9483)


Started GET "/" for ::1 at 2023-02-27 10:15:29 -0300
Processing by PagesController#home as HTML
  Rendering layout layouts/application.html.erb
  Rendering pages/home.html.erb within layouts/application
  Rendered pages/home.html.erb within layouts/application (Duration: 0.1ms | Allocations: 7)
  Rendered shared/_navbar.html.erb (Duration: 0.0ms | Allocations: 9)
  Rendered layout layouts/application.html.erb (Duration: 99.1ms | Allocations: 11680)
Completed 200 OK in 100ms (Views: 99.5ms | ActiveRecord: 0.0ms | Allocations: 11920)


Started GET "/" for ::1 at 2023-02-27 10:17:09 -0300
Processing by PagesController#home as HTML
  Rendering layout layouts/application.html.erb
  Rendering pages/home.html.erb within layouts/application
  Rendered pages/home.html.erb within layouts/application (Duration: 0.4ms | Allocations: 356)
  Rendered shared/_navbar.html.erb (Duration: 0.4ms | Allocations: 128)
  Rendered layout layouts/application.html.erb (Duration: 3435.2ms | Allocations: 126903)
Completed 200 OK in 3438ms (Views: 3436.3ms | ActiveRecord: 0.0ms | Allocations: 129822)


Started GET "/" for ::1 at 2023-02-27 10:19:33 -0300
Processing by PagesController#home as HTML
  Rendering layout layouts/application.html.erb
  Rendering pages/home.html.erb within layouts/application
  Rendered pages/home.html.erb within layouts/application (Duration: 0.5ms | Allocations: 332)
  Rendered shared/_navbar.html.erb (Duration: 0.3ms | Allocations: 126)
  Rendered layout layouts/application.html.erb (Duration: 165.2ms | Allocations: 60560)
Completed 200 OK in 168ms (Views: 166.3ms | ActiveRecord: 0.0ms | Allocations: 63479)


